基础候选: 348 个号码
历史命中率: 35.0%

最近200期内，候选中最热的10个 (仅供参考):
  631 (631)  出现3次  权重1.0%  和值10 跨度5 奇偶1:2
  816 (816)  出现2次  权重0.7%  和值15 跨度7 奇偶2:1
  278 (278)  出现2次  权重0.7%  和值17 跨度6 奇偶2:1
  487 (487)  出现2次  权重0.7%  和值19 跨度4 奇偶2:1
  863 (863)  出现2次  权重0.7%  和值17 跨度5 奇偶2:1
  273 (273)  出现1次  权重0.5%  和值12 跨度5 奇偶1:2
  641 (641)  出现1次  权重0.5%  和值11 跨度5 奇偶2:1
  681 (681)  出现1次  权重0.5%  和值15 跨度7 奇偶2:1
  630 (630)  出现1次  权重0.5%  和值9 跨度6 奇偶2:1
  265 (265)  出现1次  权重0.5%  和值13 跨度4 奇偶2:1

=======================================================
  🎲 随机加权抽选 (每天结果不同)
  =======================================================
  1. 974 (974)  出现0次  和值20 跨度5 ⭐主推
  2. 728 (728)  出现0次  和值17 跨度6
  3. 638 (638)  出现0次  和值17 跨度5
  4. 053 (053)  出现0次  和值8 跨度5
  5. 561 (561)  出现0次  和值12 跨度5

  💡 Top5 一起买 (10元): ['974', '728', '638', '053', '561']
  💡 买全部348个: 696元/期 (命中率 ~35%)

  ⚠️ 提醒: 随机≠策略优势，彩票期望为负。理性购彩。

已追加到 fc3d/每日推荐.csv
📧 邮件已发送至 byxzwz1995@163.com
基础候选: 348 个号码
历史命中率: 35.0%

最近200期内，候选中最热的10个 (仅供参考):
  631 (631)  出现3次  权重1.0%  和值10 跨度5 奇偶1:2
  816 (816)  出现2次  权重0.7%  和值15 跨度7 奇偶2:1
  278 (278)  出现2次  权重0.7%  和值17 跨度6 奇偶2:1
  487 (487)  出现2次  权重0.7%  和值19 跨度4 奇偶2:1
  863 (863)  出现2次  权重0.7%  和值17 跨度5 奇偶2:1
  273 (273)  出现1次  权重0.5%  和值12 跨度5 奇偶1:2
  641 (641)  出现1次  权重0.5%  和值11 跨度5 奇偶2:1
  681 (681)  出现1次  权重0.5%  和值15 跨度7 奇偶2:1
  630 (630)  出现1次  权重0.5%  和值9 跨度6 奇偶2:1
  265 (265)  出现1次  权重0.5%  和值13 跨度4 奇偶2:1

=======================================================
  🎲 随机加权抽选 (每天结果不同)
  =======================================================
  1. 974 (974)  出现0次  和值20 跨度5 ⭐主推
  2. 728 (728)  出现0次  和值17 跨度6
  3. 638 (638)  出现0次  和值17 跨度5
  4. 053 (053)  出现0次  和值8 跨度5
  5. 561 (561)  出现0次  和值12 跨度5

  💡 Top5 一起买 (10元): ['974', '728', '638', '053', '561']
  💡 买全部348个: 696元/期 (命中率 ~35%)

  ⚠️ 提醒: 随机≠策略优势，彩票期望为负。理性购彩。

已追加到 fc3d/每日推荐.csv
📧 邮件已发送至 byxzwz1995@163.com
基础候选: 348 个号码
历史命中率: 35.0%

最近200期内，候选中最热的10个 (仅供参考):
  631 (631)  出现3次  权重1.0%  和值10 跨度5 奇偶1:2
  816 (816)  出现2次  权重0.7%  和值15 跨度7 奇偶2:1
  278 (278)  出现2次  权重0.7%  和值17 跨度6 奇偶2:1
  487 (487)  出现2次  权重0.7%  和值19 跨度4 奇偶2:1
  520 (520)  出现2次  权重0.7%  和值7 跨度5 奇偶2:1
  863 (863)  出现2次  权重0.7%  和值17 跨度5 奇偶2:1
  273 (273)  出现1次  权重0.5%  和值12 跨度5 奇偶1:2
  681 (681)  出现1次  权重0.5%  和值15 跨度7 奇偶2:1
  641 (641)  出现1次  权重0.5%  和值11 跨度5 奇偶2:1
  265 (265)  出现1次  权重0.5%  和值13 跨度4 奇偶2:1

=======================================================
  🎲 随机加权抽选 (每天结果不同)
  =======================================================
  1. 734 (734)  出现1次  和值14 跨度4 ⭐主推
  2. 506 (506)  出现1次  和值11 跨度6
  3. 618 (618)  出现1次  和值15 跨度7
  4. 740 (740)  出现0次  和值11 跨度7
  5. 162 (162)  出现1次  和值9 跨度5

  💡 Top5 一起买 (10元): ['734', '506', '618', '740', '162']
  💡 买全部348个: 696元/期 (命中率 ~35%)

  ⚠️ 提醒: 随机≠策略优势，彩票期望为负。理性购彩。

已追加到 fc3d/每日推荐.csv
📧 邮件已发送至 byxzwz1995@163.com
